2022-03-15T00:00:36,130 - CPUUtilization.Percent:0.0|#Level:Host|#hostname:Changs-MacBook-Pro.local,timestamp:1647316836
2022-03-15T00:00:36,134 - DiskAvailable.Gigabytes:224.21973419189453|#Level:Host|#hostname:Changs-MacBook-Pro.local,timestamp:1647316836
2022-03-15T00:00:36,134 - DiskUsage.Gigabytes:236.21198654174805|#Level:Host|#hostname:Changs-MacBook-Pro.local,timestamp:1647316836
2022-03-15T00:00:36,134 - DiskUtilization.Percent:51.3|#Level:Host|#hostname:Changs-MacBook-Pro.local,timestamp:1647316836
2022-03-15T00:00:36,134 - MemoryAvailable.Megabytes:2671.109375|#Level:Host|#hostname:Changs-MacBook-Pro.local,timestamp:1647316836
2022-03-15T00:00:36,134 - MemoryUsed.Megabytes:5074.65625|#Level:Host|#hostname:Changs-MacBook-Pro.local,timestamp:1647316836
2022-03-15T00:00:36,135 - MemoryUtilization.Percent:83.7|#Level:Host|#hostname:Changs-MacBook-Pro.local,timestamp:1647316836
2022-03-15T00:07:26,950 - CPUUtilization.Percent:0.0|#Level:Host|#hostname:Changs-MacBook-Pro.local,timestamp:1647317246
2022-03-15T00:07:26,951 - DiskAvailable.Gigabytes:223.89827346801758|#Level:Host|#hostname:Changs-MacBook-Pro.local,timestamp:1647317246
2022-03-15T00:07:26,951 - DiskUsage.Gigabytes:236.533447265625|#Level:Host|#hostname:Changs-MacBook-Pro.local,timestamp:1647317246
2022-03-15T00:07:26,951 - DiskUtilization.Percent:51.4|#Level:Host|#hostname:Changs-MacBook-Pro.local,timestamp:1647317246
2022-03-15T00:07:26,951 - MemoryAvailable.Megabytes:2715.515625|#Level:Host|#hostname:Changs-MacBook-Pro.local,timestamp:1647317246
2022-03-15T00:07:26,951 - MemoryUsed.Megabytes:5027.6875|#Level:Host|#hostname:Changs-MacBook-Pro.local,timestamp:1647317246
2022-03-15T00:07:26,951 - MemoryUtilization.Percent:83.4|#Level:Host|#hostname:Changs-MacBook-Pro.local,timestamp:1647317246
2022-03-15T00:09:38,436 - CPUUtilization.Percent:0.0|#Level:Host|#hostname:Changs-MacBook-Pro.local,timestamp:1647317378
2022-03-15T00:09:38,437 - DiskAvailable.Gigabytes:223.89685440063477|#Level:Host|#hostname:Changs-MacBook-Pro.local,timestamp:1647317378
2022-03-15T00:09:38,437 - DiskUsage.Gigabytes:236.5348663330078|#Level:Host|#hostname:Changs-MacBook-Pro.local,timestamp:1647317378
2022-03-15T00:09:38,437 - DiskUtilization.Percent:51.4|#Level:Host|#hostname:Changs-MacBook-Pro.local,timestamp:1647317378
2022-03-15T00:09:38,437 - MemoryAvailable.Megabytes:2804.125|#Level:Host|#hostname:Changs-MacBook-Pro.local,timestamp:1647317378
2022-03-15T00:09:38,437 - MemoryUsed.Megabytes:5117.109375|#Level:Host|#hostname:Changs-MacBook-Pro.local,timestamp:1647317378
2022-03-15T00:09:38,438 - MemoryUtilization.Percent:82.9|#Level:Host|#hostname:Changs-MacBook-Pro.local,timestamp:1647317378
2022-03-15T00:09:53,455 - CPUUtilization.Percent:0.0|#Level:Host|#hostname:Changs-MacBook-Pro.local,timestamp:1647317393
2022-03-15T00:09:53,457 - DiskAvailable.Gigabytes:223.89709091186523|#Level:Host|#hostname:Changs-MacBook-Pro.local,timestamp:1647317393
2022-03-15T00:09:53,458 - DiskUsage.Gigabytes:236.53462982177734|#Level:Host|#hostname:Changs-MacBook-Pro.local,timestamp:1647317393
2022-03-15T00:09:53,458 - DiskUtilization.Percent:51.4|#Level:Host|#hostname:Changs-MacBook-Pro.local,timestamp:1647317393
2022-03-15T00:09:53,458 - MemoryAvailable.Megabytes:2847.09375|#Level:Host|#hostname:Changs-MacBook-Pro.local,timestamp:1647317393
2022-03-15T00:09:53,458 - MemoryUsed.Megabytes:5256.578125|#Level:Host|#hostname:Changs-MacBook-Pro.local,timestamp:1647317393
2022-03-15T00:09:53,459 - MemoryUtilization.Percent:82.6|#Level:Host|#hostname:Changs-MacBook-Pro.local,timestamp:1647317393
2022-03-15T00:11:51,302 - CPUUtilization.Percent:0.0|#Level:Host|#hostname:Changs-MacBook-Pro.local,timestamp:1647317511
2022-03-15T00:11:51,302 - DiskAvailable.Gigabytes:223.8957176208496|#Level:Host|#hostname:Changs-MacBook-Pro.local,timestamp:1647317511
2022-03-15T00:11:51,303 - DiskUsage.Gigabytes:236.53600311279297|#Level:Host|#hostname:Changs-MacBook-Pro.local,timestamp:1647317511
2022-03-15T00:11:51,303 - DiskUtilization.Percent:51.4|#Level:Host|#hostname:Changs-MacBook-Pro.local,timestamp:1647317511
2022-03-15T00:11:51,303 - MemoryAvailable.Megabytes:2801.265625|#Level:Host|#hostname:Changs-MacBook-Pro.local,timestamp:1647317511
2022-03-15T00:11:51,303 - MemoryUsed.Megabytes:5183.703125|#Level:Host|#hostname:Changs-MacBook-Pro.local,timestamp:1647317511
2022-03-15T00:11:51,303 - MemoryUtilization.Percent:82.9|#Level:Host|#hostname:Changs-MacBook-Pro.local,timestamp:1647317511
2022-03-15T00:14:55,651 - CPUUtilization.Percent:0.0|#Level:Host|#hostname:Changs-MacBook-Pro.local,timestamp:1647317695
2022-03-15T00:14:55,652 - DiskAvailable.Gigabytes:223.8996124267578|#Level:Host|#hostname:Changs-MacBook-Pro.local,timestamp:1647317695
2022-03-15T00:14:55,653 - DiskUsage.Gigabytes:236.53210830688477|#Level:Host|#hostname:Changs-MacBook-Pro.local,timestamp:1647317695
2022-03-15T00:14:55,653 - DiskUtilization.Percent:51.4|#Level:Host|#hostname:Changs-MacBook-Pro.local,timestamp:1647317695
2022-03-15T00:14:55,653 - MemoryAvailable.Megabytes:2775.0625|#Level:Host|#hostname:Changs-MacBook-Pro.local,timestamp:1647317695
2022-03-15T00:14:55,653 - MemoryUsed.Megabytes:5175.921875|#Level:Host|#hostname:Changs-MacBook-Pro.local,timestamp:1647317695
2022-03-15T00:14:55,653 - MemoryUtilization.Percent:83.1|#Level:Host|#hostname:Changs-MacBook-Pro.local,timestamp:1647317695
2022-03-15T00:15:04,108 - CPUUtilization.Percent:100.0|#Level:Host|#hostname:Changs-MacBook-Pro.local,timestamp:1647317704
2022-03-15T00:15:04,108 - DiskAvailable.Gigabytes:223.89923095703125|#Level:Host|#hostname:Changs-MacBook-Pro.local,timestamp:1647317704
2022-03-15T00:15:04,109 - DiskUsage.Gigabytes:236.53248977661133|#Level:Host|#hostname:Changs-MacBook-Pro.local,timestamp:1647317704
2022-03-15T00:15:04,109 - DiskUtilization.Percent:51.4|#Level:Host|#hostname:Changs-MacBook-Pro.local,timestamp:1647317704
2022-03-15T00:15:04,109 - MemoryAvailable.Megabytes:2780.46875|#Level:Host|#hostname:Changs-MacBook-Pro.local,timestamp:1647317704
2022-03-15T00:15:04,110 - MemoryUsed.Megabytes:5042.890625|#Level:Host|#hostname:Changs-MacBook-Pro.local,timestamp:1647317704
2022-03-15T00:15:04,110 - MemoryUtilization.Percent:83.0|#Level:Host|#hostname:Changs-MacBook-Pro.local,timestamp:1647317704
2022-03-15T00:17:31,935 - CPUUtilization.Percent:0.0|#Level:Host|#hostname:Changs-MacBook-Pro.local,timestamp:1647317851
2022-03-15T00:17:31,936 - DiskAvailable.Gigabytes:223.89824295043945|#Level:Host|#hostname:Changs-MacBook-Pro.local,timestamp:1647317851
2022-03-15T00:17:31,936 - DiskUsage.Gigabytes:236.53347778320312|#Level:Host|#hostname:Changs-MacBook-Pro.local,timestamp:1647317851
2022-03-15T00:17:31,936 - DiskUtilization.Percent:51.4|#Level:Host|#hostname:Changs-MacBook-Pro.local,timestamp:1647317851
2022-03-15T00:17:31,936 - MemoryAvailable.Megabytes:2771.640625|#Level:Host|#hostname:Changs-MacBook-Pro.local,timestamp:1647317851
2022-03-15T00:17:31,937 - MemoryUsed.Megabytes:5064.453125|#Level:Host|#hostname:Changs-MacBook-Pro.local,timestamp:1647317851
2022-03-15T00:17:31,937 - MemoryUtilization.Percent:83.1|#Level:Host|#hostname:Changs-MacBook-Pro.local,timestamp:1647317851
2022-03-15T00:19:26,437 - CPUUtilization.Percent:0.0|#Level:Host|#hostname:Changs-MacBook-Pro.local,timestamp:1647317966
2022-03-15T00:19:26,438 - DiskAvailable.Gigabytes:223.8974151611328|#Level:Host|#hostname:Changs-MacBook-Pro.local,timestamp:1647317966
2022-03-15T00:19:26,438 - DiskUsage.Gigabytes:236.53430557250977|#Level:Host|#hostname:Changs-MacBook-Pro.local,timestamp:1647317966
2022-03-15T00:19:26,438 - DiskUtilization.Percent:51.4|#Level:Host|#hostname:Changs-MacBook-Pro.local,timestamp:1647317966
2022-03-15T00:19:26,438 - MemoryAvailable.Megabytes:2819.28125|#Level:Host|#hostname:Changs-MacBook-Pro.local,timestamp:1647317966
2022-03-15T00:19:26,438 - MemoryUsed.Megabytes:5108.5|#Level:Host|#hostname:Changs-MacBook-Pro.local,timestamp:1647317966
2022-03-15T00:19:26,438 - MemoryUtilization.Percent:82.8|#Level:Host|#hostname:Changs-MacBook-Pro.local,timestamp:1647317966
2022-03-15T00:19:30,771 - CPUUtilization.Percent:100.0|#Level:Host|#hostname:Changs-MacBook-Pro.local,timestamp:1647317970
2022-03-15T00:19:30,772 - DiskAvailable.Gigabytes:223.89739608764648|#Level:Host|#hostname:Changs-MacBook-Pro.local,timestamp:1647317970
2022-03-15T00:19:30,773 - DiskUsage.Gigabytes:236.5343246459961|#Level:Host|#hostname:Changs-MacBook-Pro.local,timestamp:1647317970
2022-03-15T00:19:30,773 - DiskUtilization.Percent:51.4|#Level:Host|#hostname:Changs-MacBook-Pro.local,timestamp:1647317970
2022-03-15T00:19:30,773 - MemoryAvailable.Megabytes:2746.0625|#Level:Host|#hostname:Changs-MacBook-Pro.local,timestamp:1647317970
2022-03-15T00:19:30,773 - MemoryUsed.Megabytes:5097.234375|#Level:Host|#hostname:Changs-MacBook-Pro.local,timestamp:1647317970
2022-03-15T00:19:30,773 - MemoryUtilization.Percent:83.2|#Level:Host|#hostname:Changs-MacBook-Pro.local,timestamp:1647317970
2022-03-15T00:25:48,058 - CPUUtilization.Percent:0.0|#Level:Host|#hostname:Changs-MacBook-Pro.local,timestamp:1647318348
2022-03-15T00:25:48,059 - DiskAvailable.Gigabytes:223.88398361206055|#Level:Host|#hostname:Changs-MacBook-Pro.local,timestamp:1647318348
2022-03-15T00:25:48,059 - DiskUsage.Gigabytes:236.54773712158203|#Level:Host|#hostname:Changs-MacBook-Pro.local,timestamp:1647318348
2022-03-15T00:25:48,060 - DiskUtilization.Percent:51.4|#Level:Host|#hostname:Changs-MacBook-Pro.local,timestamp:1647318348
2022-03-15T00:25:48,060 - MemoryAvailable.Megabytes:2700.453125|#Level:Host|#hostname:Changs-MacBook-Pro.local,timestamp:1647318348
2022-03-15T00:25:48,060 - MemoryUsed.Megabytes:5030.171875|#Level:Host|#hostname:Changs-MacBook-Pro.local,timestamp:1647318348
2022-03-15T00:25:48,060 - MemoryUtilization.Percent:83.5|#Level:Host|#hostname:Changs-MacBook-Pro.local,timestamp:1647318348
2022-03-15T00:26:37,648 - CPUUtilization.Percent:0.0|#Level:Host|#hostname:Changs-MacBook-Pro.local,timestamp:1647318397
2022-03-15T00:26:37,648 - DiskAvailable.Gigabytes:223.88348007202148|#Level:Host|#hostname:Changs-MacBook-Pro.local,timestamp:1647318397
2022-03-15T00:26:37,648 - DiskUsage.Gigabytes:236.5482406616211|#Level:Host|#hostname:Changs-MacBook-Pro.local,timestamp:1647318397
2022-03-15T00:26:37,648 - DiskUtilization.Percent:51.4|#Level:Host|#hostname:Changs-MacBook-Pro.local,timestamp:1647318397
2022-03-15T00:26:37,648 - MemoryAvailable.Megabytes:2805.671875|#Level:Host|#hostname:Changs-MacBook-Pro.local,timestamp:1647318397
2022-03-15T00:26:37,649 - MemoryUsed.Megabytes:5128.015625|#Level:Host|#hostname:Changs-MacBook-Pro.local,timestamp:1647318397
2022-03-15T00:26:37,649 - MemoryUtilization.Percent:82.9|#Level:Host|#hostname:Changs-MacBook-Pro.local,timestamp:1647318397
2022-03-15T00:26:42,824 - CPUUtilization.Percent:0.0|#Level:Host|#hostname:Changs-MacBook-Pro.local,timestamp:1647318402
2022-03-15T00:26:42,827 - DiskAvailable.Gigabytes:223.88347625732422|#Level:Host|#hostname:Changs-MacBook-Pro.local,timestamp:1647318402
2022-03-15T00:26:42,828 - DiskUsage.Gigabytes:236.54824447631836|#Level:Host|#hostname:Changs-MacBook-Pro.local,timestamp:1647318402
2022-03-15T00:26:42,828 - DiskUtilization.Percent:51.4|#Level:Host|#hostname:Changs-MacBook-Pro.local,timestamp:1647318402
2022-03-15T00:26:42,828 - MemoryAvailable.Megabytes:2810.171875|#Level:Host|#hostname:Changs-MacBook-Pro.local,timestamp:1647318402
2022-03-15T00:26:42,828 - MemoryUsed.Megabytes:5161.625|#Level:Host|#hostname:Changs-MacBook-Pro.local,timestamp:1647318402
2022-03-15T00:26:42,828 - MemoryUtilization.Percent:82.8|#Level:Host|#hostname:Changs-MacBook-Pro.local,timestamp:1647318402
2022-03-15T00:31:08,476 - CPUUtilization.Percent:0.0|#Level:Host|#hostname:Changs-MacBook-Pro.local,timestamp:1647318668
2022-03-15T00:31:08,477 - DiskAvailable.Gigabytes:223.86663055419922|#Level:Host|#hostname:Changs-MacBook-Pro.local,timestamp:1647318668
2022-03-15T00:31:08,478 - DiskUsage.Gigabytes:236.56509017944336|#Level:Host|#hostname:Changs-MacBook-Pro.local,timestamp:1647318668
2022-03-15T00:31:08,478 - DiskUtilization.Percent:51.4|#Level:Host|#hostname:Changs-MacBook-Pro.local,timestamp:1647318668
2022-03-15T00:31:08,478 - MemoryAvailable.Megabytes:2860.734375|#Level:Host|#hostname:Changs-MacBook-Pro.local,timestamp:1647318668
2022-03-15T00:31:08,478 - MemoryUsed.Megabytes:5218.671875|#Level:Host|#hostname:Changs-MacBook-Pro.local,timestamp:1647318668
2022-03-15T00:31:08,478 - MemoryUtilization.Percent:82.5|#Level:Host|#hostname:Changs-MacBook-Pro.local,timestamp:1647318668
2022-03-15T00:32:06,642 - CPUUtilization.Percent:0.0|#Level:Host|#hostname:Changs-MacBook-Pro.local,timestamp:1647318726
2022-03-15T00:32:06,643 - DiskAvailable.Gigabytes:223.86682510375977|#Level:Host|#hostname:Changs-MacBook-Pro.local,timestamp:1647318726
2022-03-15T00:32:06,643 - DiskUsage.Gigabytes:236.5648956298828|#Level:Host|#hostname:Changs-MacBook-Pro.local,timestamp:1647318726
2022-03-15T00:32:06,643 - DiskUtilization.Percent:51.4|#Level:Host|#hostname:Changs-MacBook-Pro.local,timestamp:1647318726
2022-03-15T00:32:06,643 - MemoryAvailable.Megabytes:2825.453125|#Level:Host|#hostname:Changs-MacBook-Pro.local,timestamp:1647318726
2022-03-15T00:32:06,643 - MemoryUsed.Megabytes:5167.0|#Level:Host|#hostname:Changs-MacBook-Pro.local,timestamp:1647318726
2022-03-15T00:32:06,643 - MemoryUtilization.Percent:82.8|#Level:Host|#hostname:Changs-MacBook-Pro.local,timestamp:1647318726
2022-03-15T00:36:22,407 - CPUUtilization.Percent:0.0|#Level:Host|#hostname:Changs-MacBook-Pro.local,timestamp:1647318982
2022-03-15T00:36:22,408 - DiskAvailable.Gigabytes:223.86222076416016|#Level:Host|#hostname:Changs-MacBook-Pro.local,timestamp:1647318982
2022-03-15T00:36:22,408 - DiskUsage.Gigabytes:236.56949996948242|#Level:Host|#hostname:Changs-MacBook-Pro.local,timestamp:1647318982
2022-03-15T00:36:22,408 - DiskUtilization.Percent:51.4|#Level:Host|#hostname:Changs-MacBook-Pro.local,timestamp:1647318982
2022-03-15T00:36:22,408 - MemoryAvailable.Megabytes:2832.640625|#Level:Host|#hostname:Changs-MacBook-Pro.local,timestamp:1647318982
2022-03-15T00:36:22,408 - MemoryUsed.Megabytes:5245.6875|#Level:Host|#hostname:Changs-MacBook-Pro.local,timestamp:1647318982
2022-03-15T00:36:22,408 - MemoryUtilization.Percent:82.7|#Level:Host|#hostname:Changs-MacBook-Pro.local,timestamp:1647318982
2022-03-15T00:37:30,094 - CPUUtilization.Percent:0.0|#Level:Host|#hostname:Changs-MacBook-Pro.local,timestamp:1647319050
2022-03-15T00:37:30,095 - DiskAvailable.Gigabytes:223.8614616394043|#Level:Host|#hostname:Changs-MacBook-Pro.local,timestamp:1647319050
2022-03-15T00:37:30,095 - DiskUsage.Gigabytes:236.57025909423828|#Level:Host|#hostname:Changs-MacBook-Pro.local,timestamp:1647319050
2022-03-15T00:37:30,095 - DiskUtilization.Percent:51.4|#Level:Host|#hostname:Changs-MacBook-Pro.local,timestamp:1647319050
2022-03-15T00:37:30,095 - MemoryAvailable.Megabytes:2690.203125|#Level:Host|#hostname:Changs-MacBook-Pro.local,timestamp:1647319050
2022-03-15T00:37:30,096 - MemoryUsed.Megabytes:5120.0|#Level:Host|#hostname:Changs-MacBook-Pro.local,timestamp:1647319050
2022-03-15T00:37:30,096 - MemoryUtilization.Percent:83.6|#Level:Host|#hostname:Changs-MacBook-Pro.local,timestamp:1647319050
2022-03-15T00:39:44,897 - CPUUtilization.Percent:0.0|#Level:Host|#hostname:Changs-MacBook-Pro.local,timestamp:1647319184
2022-03-15T00:39:44,897 - DiskAvailable.Gigabytes:222.8583869934082|#Level:Host|#hostname:Changs-MacBook-Pro.local,timestamp:1647319184
2022-03-15T00:39:44,898 - DiskUsage.Gigabytes:237.57333374023438|#Level:Host|#hostname:Changs-MacBook-Pro.local,timestamp:1647319184
2022-03-15T00:39:44,899 - DiskUtilization.Percent:51.6|#Level:Host|#hostname:Changs-MacBook-Pro.local,timestamp:1647319184
2022-03-15T00:39:44,899 - MemoryAvailable.Megabytes:2959.46875|#Level:Host|#hostname:Changs-MacBook-Pro.local,timestamp:1647319184
2022-03-15T00:39:44,899 - MemoryUsed.Megabytes:5281.75|#Level:Host|#hostname:Changs-MacBook-Pro.local,timestamp:1647319184
2022-03-15T00:39:44,900 - MemoryUtilization.Percent:81.9|#Level:Host|#hostname:Changs-MacBook-Pro.local,timestamp:1647319184
2022-03-15T00:40:35,612 - CPUUtilization.Percent:0.0|#Level:Host|#hostname:Changs-MacBook-Pro.local,timestamp:1647319235
2022-03-15T00:40:35,612 - DiskAvailable.Gigabytes:222.85894775390625|#Level:Host|#hostname:Changs-MacBook-Pro.local,timestamp:1647319235
2022-03-15T00:40:35,613 - DiskUsage.Gigabytes:237.57277297973633|#Level:Host|#hostname:Changs-MacBook-Pro.local,timestamp:1647319235
2022-03-15T00:40:35,614 - DiskUtilization.Percent:51.6|#Level:Host|#hostname:Changs-MacBook-Pro.local,timestamp:1647319235
2022-03-15T00:40:35,614 - MemoryAvailable.Megabytes:2685.953125|#Level:Host|#hostname:Changs-MacBook-Pro.local,timestamp:1647319235
2022-03-15T00:40:35,614 - MemoryUsed.Megabytes:5096.1875|#Level:Host|#hostname:Changs-MacBook-Pro.local,timestamp:1647319235
2022-03-15T00:40:35,614 - MemoryUtilization.Percent:83.6|#Level:Host|#hostname:Changs-MacBook-Pro.local,timestamp:1647319235
2022-03-15T00:46:29,924 - CPUUtilization.Percent:0.0|#Level:Host|#hostname:Changs-MacBook-Pro.local,timestamp:1647319589
2022-03-15T00:46:29,925 - DiskAvailable.Gigabytes:223.8486785888672|#Level:Host|#hostname:Changs-MacBook-Pro.local,timestamp:1647319589
2022-03-15T00:46:29,925 - DiskUsage.Gigabytes:236.5830421447754|#Level:Host|#hostname:Changs-MacBook-Pro.local,timestamp:1647319589
2022-03-15T00:46:29,925 - DiskUtilization.Percent:51.4|#Level:Host|#hostname:Changs-MacBook-Pro.local,timestamp:1647319589
2022-03-15T00:46:29,925 - MemoryAvailable.Megabytes:2712.765625|#Level:Host|#hostname:Changs-MacBook-Pro.local,timestamp:1647319589
2022-03-15T00:46:29,926 - MemoryUsed.Megabytes:5005.671875|#Level:Host|#hostname:Changs-MacBook-Pro.local,timestamp:1647319589
2022-03-15T00:46:29,926 - MemoryUtilization.Percent:83.4|#Level:Host|#hostname:Changs-MacBook-Pro.local,timestamp:1647319589
2022-03-15T00:46:38,265 - CPUUtilization.Percent:100.0|#Level:Host|#hostname:Changs-MacBook-Pro.local,timestamp:1647319598
2022-03-15T00:46:38,265 - DiskAvailable.Gigabytes:223.8472023010254|#Level:Host|#hostname:Changs-MacBook-Pro.local,timestamp:1647319598
2022-03-15T00:46:38,265 - DiskUsage.Gigabytes:236.5845184326172|#Level:Host|#hostname:Changs-MacBook-Pro.local,timestamp:1647319598
2022-03-15T00:46:38,265 - DiskUtilization.Percent:51.4|#Level:Host|#hostname:Changs-MacBook-Pro.local,timestamp:1647319598
2022-03-15T00:46:38,265 - MemoryAvailable.Megabytes:2715.984375|#Level:Host|#hostname:Changs-MacBook-Pro.local,timestamp:1647319598
2022-03-15T00:46:38,265 - MemoryUsed.Megabytes:5035.046875|#Level:Host|#hostname:Changs-MacBook-Pro.local,timestamp:1647319598
2022-03-15T00:46:38,265 - MemoryUtilization.Percent:83.4|#Level:Host|#hostname:Changs-MacBook-Pro.local,timestamp:1647319598
2022-03-15T00:53:52,950 - CPUUtilization.Percent:0.0|#Level:Host|#hostname:Changs-MacBook-Pro.local,timestamp:1647320032
2022-03-15T00:53:52,953 - DiskAvailable.Gigabytes:223.8360710144043|#Level:Host|#hostname:Changs-MacBook-Pro.local,timestamp:1647320032
2022-03-15T00:53:52,954 - DiskUsage.Gigabytes:236.59564971923828|#Level:Host|#hostname:Changs-MacBook-Pro.local,timestamp:1647320032
2022-03-15T00:53:52,954 - DiskUtilization.Percent:51.4|#Level:Host|#hostname:Changs-MacBook-Pro.local,timestamp:1647320032
2022-03-15T00:53:52,954 - MemoryAvailable.Megabytes:2691.296875|#Level:Host|#hostname:Changs-MacBook-Pro.local,timestamp:1647320032
2022-03-15T00:53:52,954 - MemoryUsed.Megabytes:5057.515625|#Level:Host|#hostname:Changs-MacBook-Pro.local,timestamp:1647320032
2022-03-15T00:53:52,954 - MemoryUtilization.Percent:83.6|#Level:Host|#hostname:Changs-MacBook-Pro.local,timestamp:1647320032
